SLF4J: Failed to load class "org.slf4j.impl.StaticLoggerBinder".
SLF4J: Defaulting to no-operation (NOP) logger implementation
SLF4J: See http://www.slf4j.org/codes.html#StaticLoggerBinder for further details.
2021-09-16 16:34:30.837/3.403 Oracle Coherence 12.2.1.4.0 <Info> (thread=main, member=n/a): Loaded operational configuration from "jar:file:/C:/Oracle/Middleware/Oracle_Home/coherence/lib/coherence.jar!/tangosol-coherence.xml"
2021-09-16 16:34:30.906/3.472 Oracle Coherence 12.2.1.4.0 <Info> (thread=main, member=n/a): Loaded operational overrides from "jar:file:/C:/Oracle/Middleware/Oracle_Home/coherence/lib/coherence.jar!/tangosol-coherence-override-dev.xml"
2021-09-16 16:34:30.908/3.475 Oracle Coherence 12.2.1.4.0 <Info> (thread=main, member=n/a): Optional configuration override "/tangosol-coherence-override.xml" is not specified
2021-09-16 16:34:30.912/3.479 Oracle Coherence 12.2.1.4.0 <Info> (thread=main, member=n/a): Optional configuration override "cache-factory-config.xml" is not specified
2021-09-16 16:34:30.914/3.481 Oracle Coherence 12.2.1.4.0 <Info> (thread=main, member=n/a): Optional configuration override "cache-factory-builder-config.xml" is not specified
2021-09-16 16:34:30.916/3.482 Oracle Coherence 12.2.1.4.0 <Info> (thread=main, member=n/a): Optional configuration override "/custom-mbeans.xml" is not specified

Oracle Coherence Version 12.2.1.4.0 Build 74888
 Grid Edition: Development mode
Copyright (c) 2000, 2019, Oracle and/or its affiliates. All rights reserved.

2021-09-16 16:34:31.701/4.267 Oracle Coherence GE 12.2.1.4.0 <Info> (thread=main, member=n/a): The cluster name has not been configured, a value of "User's cluster" has been automatically generated
2021-09-16 16:34:31.906/4.472 Oracle Coherence GE 12.2.1.4.0 <Info> (thread=main, member=n/a): Created cache factory com.tangosol.net.ExtensibleConfigurableCacheFactory
Sep 16, 2021 4:34:32 PM oracle.soa.scac.ValidateComposite loadWSDLs
WARNING: Validating WSDLs from WSDLManager....  with option UseSoaInfraMds:false
Sep 16, 2021 4:34:32 PM oracle.fabric.common.wsdl.SchemaManager isIncrementalBuildSupported
INFO: XMLSchema incremental build enabled.
Java HotSpot(TM) 64-Bit Server VM warning: ignoring option PermSize=32m; support was removed in 8.0
Java HotSpot(TM) 64-Bit Server VM warning: ignoring option MaxPermSize=256m; support was removed in 8.0
